[23:29:32.943] [INFO ] [] [IndexController.java index] logback测试!
[23:29:32.953] [INFO ] [] [IndexController.java index] hi,我来了
[23:29:35.078] [INFO ] [] [IndexController.java index] logback测试!
[23:29:35.079] [INFO ] [] [IndexController.java index] hi,我来了
[23:30:30.871] [INFO ] [] [IndexController.java index] logback测试!
[23:30:30.872] [INFO ] [] [IndexController.java index] hi,我来了
[23:35:39.855] [INFO ] [IndexController.java index] logback测试!
[23:35:39.858] [INFO ] [IndexController.java index] hi,我来了
[23:35:41.314] [INFO ] [IndexController.java index] logback测试!
[23:35:41.315] [INFO ] [IndexController.java index] hi,我来了
[23:39:47.263] [WARN ] [AbstractApplicationContext.java refresh] Exception encountered during context initialization - cancelling refresh attempt: org.springframework.beans.factory.BeanCreationException: Error creating bean with name 'sqlSessionFactory' defined in class path resource [applicationContext.xml]: Error setting property values; nested exception is org.springframework.beans.NotWritablePropertyException: Invalid property 'configLocation ' of bean class [org.mybatis.spring.SqlSessionFactoryBean]: Bean property 'configLocation ' is not writable or has an invalid setter method. Did you mean 'configLocation'?
[23:39:47.427] [INFO ] [DruidDataSource.java close] {dataSource-0} closing ...
[23:39:47.439] [ERROR] [ContextLoader.java initWebApplicationContext] Context initialization failed
org.springframework.beans.factory.BeanCreationException: Error creating bean with name 'sqlSessionFactory' defined in class path resource [applicationContext.xml]: Error setting property values; nested exception is org.springframework.beans.NotWritablePropertyException: Invalid property 'configLocation ' of bean class [org.mybatis.spring.SqlSessionFactoryBean]: Bean property 'configLocation ' is not writable or has an invalid setter method. Did you mean 'configLocation'?
	at org.springframework.beans.factory.support.AbstractAutowireCapableBeanFactory.applyPropertyValues(AbstractAutowireCapableBeanFactory.java:1728)
	at org.springframework.beans.factory.support.AbstractAutowireCapableBeanFactory.populateBean(AbstractAutowireCapableBeanFactory.java:1436)
	at org.springframework.beans.factory.support.AbstractAutowireCapableBeanFactory.doCreateBean(AbstractAutowireCapableBeanFactory.java:608)
	at org.springframework.beans.factory.support.AbstractAutowireCapableBeanFactory.createBean(AbstractAutowireCapableBeanFactory.java:531)
	at org.springframework.beans.factory.support.AbstractBeanFactory.lambda$doGetBean$0(AbstractBeanFactory.java:335)
	at org.springframework.beans.factory.support.DefaultSingletonBeanRegistry.getSingleton(DefaultSingletonBeanRegistry.java:234)
	at org.springframework.beans.factory.support.AbstractBeanFactory.doGetBean(AbstractBeanFactory.java:333)
	at org.springframework.beans.factory.support.AbstractBeanFactory.getBean(AbstractBeanFactory.java:208)
	at org.springframework.beans.factory.support.DefaultListableBeanFactory.preInstantiateSingletons(DefaultListableBeanFactory.java:925)
	at org.springframework.context.support.AbstractApplicationContext.finishBeanFactoryInitialization(AbstractApplicationContext.java:925)
	at org.springframework.context.support.AbstractApplicationContext.refresh(AbstractApplicationContext.java:588)
	at org.springframework.web.context.ContextLoader.configureAndRefreshWebApplicationContext(ContextLoader.java:401)
	at org.springframework.web.context.ContextLoader.initWebApplicationContext(ContextLoader.java:292)
	at org.springframework.web.context.ContextLoaderListener.contextInitialized(ContextLoaderListener.java:103)
	at org.apache.catalina.core.StandardContext.listenerStart(StandardContext.java:4699)
	at org.apache.catalina.core.StandardContext.startInternal(StandardContext.java:5165)
	at org.apache.catalina.util.LifecycleBase.start(LifecycleBase.java:183)
	at org.apache.catalina.core.ContainerBase.addChildInternal(ContainerBase.java:743)
	at org.apache.catalina.core.ContainerBase.addChild(ContainerBase.java:719)
	at org.apache.catalina.core.StandardHost.addChild(StandardHost.java:705)
	at org.apache.catalina.startup.HostConfig.manageApp(HostConfig.java:1720)
	at sun.reflect.NativeMethodAccessorImpl.invoke0(Native Method)
	at sun.reflect.NativeMethodAccessorImpl.invoke(NativeMethodAccessorImpl.java:62)
	at sun.reflect.DelegatingMethodAccessorImpl.invoke(DelegatingMethodAccessorImpl.java:43)
	at java.lang.reflect.Method.invoke(Method.java:498)
	at org.apache.tomcat.util.modeler.BaseModelMBean.invoke(BaseModelMBean.java:287)
	at com.sun.jmx.interceptor.DefaultMBeanServerInterceptor.invoke(DefaultMBeanServerInterceptor.java:819)
	at com.sun.jmx.mbeanserver.JmxMBeanServer.invoke(JmxMBeanServer.java:801)
	at org.apache.catalina.mbeans.MBeanFactory.createStandardContext(MBeanFactory.java:479)
	at org.apache.catalina.mbeans.MBeanFactory.createStandardContext(MBeanFactory.java:428)
	at sun.reflect.NativeMethodAccessorImpl.invoke0(Native Method)
	at sun.reflect.NativeMethodAccessorImpl.invoke(NativeMethodAccessorImpl.java:62)
	at sun.reflect.DelegatingMethodAccessorImpl.invoke(DelegatingMethodAccessorImpl.java:43)
	at java.lang.reflect.Method.invoke(Method.java:498)
	at org.apache.tomcat.util.modeler.BaseModelMBean.invoke(BaseModelMBean.java:287)
	at com.sun.jmx.interceptor.DefaultMBeanServerInterceptor.invoke(DefaultMBeanServerInterceptor.java:819)
	at com.sun.jmx.mbeanserver.JmxMBeanServer.invoke(JmxMBeanServer.java:801)
	at com.sun.jmx.remote.security.MBeanServerAccessController.invoke(MBeanServerAccessController.java:468)
	at javax.management.remote.rmi.RMIConnectionImpl.doOperation(RMIConnectionImpl.java:1468)
	at javax.management.remote.rmi.RMIConnectionImpl.access$300(RMIConnectionImpl.java:76)
	at javax.management.remote.rmi.RMIConnectionImpl$PrivilegedOperation.run(RMIConnectionImpl.java:1309)
	at java.security.AccessController.doPrivileged(Native Method)
	at javax.management.remote.rmi.RMIConnectionImpl.doPrivilegedOperation(RMIConnectionImpl.java:1408)
	at javax.management.remote.rmi.RMIConnectionImpl.invoke(RMIConnectionImpl.java:829)
	at sun.reflect.NativeMethodAccessorImpl.invoke0(Native Method)
	at sun.reflect.NativeMethodAccessorImpl.invoke(NativeMethodAccessorImpl.java:62)
	at sun.reflect.DelegatingMethodAccessorImpl.invoke(DelegatingMethodAccessorImpl.java:43)
	at java.lang.reflect.Method.invoke(Method.java:498)
	at sun.rmi.server.UnicastServerRef.dispatch(UnicastServerRef.java:357)
	at sun.rmi.transport.Transport$1.run(Transport.java:200)
	at sun.rmi.transport.Transport$1.run(Transport.java:197)
	at java.security.AccessController.doPrivileged(Native Method)
	at sun.rmi.transport.Transport.serviceCall(Transport.java:196)
	at sun.rmi.transport.tcp.TCPTransport.handleMessages(TCPTransport.java:573)
	at sun.rmi.transport.tcp.TCPTransport$ConnectionHandler.run0(TCPTransport.java:834)
	at sun.rmi.transport.tcp.TCPTransport$ConnectionHandler.lambda$run$0(TCPTransport.java:688)
	at java.security.AccessController.doPrivileged(Native Method)
	at sun.rmi.transport.tcp.TCPTransport$ConnectionHandler.run(TCPTransport.java:687)
	at java.util.concurrent.ThreadPoolExecutor.runWorker(ThreadPoolExecutor.java:1149)
	at java.util.concurrent.ThreadPoolExecutor$Worker.run(ThreadPoolExecutor.java:624)
	at java.lang.Thread.run(Thread.java:748)
Caused by: org.springframework.beans.NotWritablePropertyException: Invalid property 'configLocation ' of bean class [org.mybatis.spring.SqlSessionFactoryBean]: Bean property 'configLocation ' is not writable or has an invalid setter method. Did you mean 'configLocation'?
	at org.springframework.beans.BeanWrapperImpl.createNotWritablePropertyException(BeanWrapperImpl.java:243)
	at org.springframework.beans.AbstractNestablePropertyAccessor.processLocalProperty(AbstractNestablePropertyAccessor.java:426)
	at org.springframework.beans.AbstractNestablePropertyAccessor.setPropertyValue(AbstractNestablePropertyAccessor.java:278)
	at org.springframework.beans.AbstractNestablePropertyAccessor.setPropertyValue(AbstractNestablePropertyAccessor.java:266)
	at org.springframework.beans.AbstractPropertyAccessor.setPropertyValues(AbstractPropertyAccessor.java:97)
	at org.springframework.beans.AbstractPropertyAccessor.setPropertyValues(AbstractPropertyAccessor.java:77)
	at org.springframework.beans.factory.support.AbstractAutowireCapableBeanFactory.applyPropertyValues(AbstractAutowireCapableBeanFactory.java:1724)
	... 60 common frames omitted
[23:41:13.057] [WARN ] [Logger.java warn] Property 'mapperLocations' was specified but matching resources are not found.
[23:41:15.656] [INFO ] [IndexController.java index] logback测试!
[23:41:15.656] [INFO ] [IndexController.java index] hi,我来了
[23:41:16.795] [INFO ] [IndexController.java index] logback测试!
[23:41:16.796] [INFO ] [IndexController.java index] hi,我来了
[11:12:12.812] [WARN ] [Logger.java warn] Property 'mapperLocations' was specified but matching resources are not found.
[11:18:29.760] [WARN ] [Logger.java warn] Property 'mapperLocations' was specified but matching resources are not found.
[11:39:57.547] [WARN ] [Logger.java warn] Property 'mapperLocations' was specified but matching resources are not found.
[11:41:56.485] [WARN ] [Logger.java warn] Property 'mapperLocations' was specified but matching resources are not found.
[11:49:02.517] [WARN ] [Logger.java warn] Property 'mapperLocations' was specified but matching resources are not found.
[11:57:45.942] [WARN ] [Logger.java warn] Property 'mapperLocations' was specified but matching resources are not found.
[12:04:42.956] [WARN ] [Logger.java warn] Property 'mapperLocations' was specified but matching resources are not found.
[12:08:28.498] [WARN ] [Logger.java warn] Property 'mapperLocations' was specified but matching resources are not found.
[12:12:16.969] [INFO ] [DruidDataSource.java init] {dataSource-1} inited
[12:18:08.872] [ERROR] [DruidAbstractDataSource.java testConnectionInternal] discard long time none received connection. , jdbcUrl : jdbc:mysql://localhost:3306/jkblogssm?useSSL=false&serverTimezone=Asia/Shanghai, jdbcUrl : jdbc:mysql://localhost:3306/jkblogssm?useSSL=false&serverTimezone=Asia/Shanghai, lastPacketReceivedIdleMillis : 343652
[12:18:08.875] [ERROR] [DruidAbstractDataSource.java testConnectionInternal] discard long time none received connection. , jdbcUrl : jdbc:mysql://localhost:3306/jkblogssm?useSSL=false&serverTimezone=Asia/Shanghai, jdbcUrl : jdbc:mysql://localhost:3306/jkblogssm?useSSL=false&serverTimezone=Asia/Shanghai, lastPacketReceivedIdleMillis : 348956
[12:42:36.893] [ERROR] [DruidAbstractDataSource.java testConnectionInternal] discard long time none received connection. , jdbcUrl : jdbc:mysql://localhost:3306/jkblogssm?useSSL=false&serverTimezone=Asia/Shanghai, jdbcUrl : jdbc:mysql://localhost:3306/jkblogssm?useSSL=false&serverTimezone=Asia/Shanghai, lastPacketReceivedIdleMillis : 1467977
[12:44:02.714] [ERROR] [DruidAbstractDataSource.java testConnectionInternal] discard long time none received connection. , jdbcUrl : jdbc:mysql://localhost:3306/jkblogssm?useSSL=false&serverTimezone=Asia/Shanghai, jdbcUrl : jdbc:mysql://localhost:3306/jkblogssm?useSSL=false&serverTimezone=Asia/Shanghai, lastPacketReceivedIdleMillis : 85805
[12:49:04.268] [ERROR] [DruidAbstractDataSource.java testConnectionInternal] discard long time none received connection. , jdbcUrl : jdbc:mysql://localhost:3306/jkblogssm?useSSL=false&serverTimezone=Asia/Shanghai, jdbcUrl : jdbc:mysql://localhost:3306/jkblogssm?useSSL=false&serverTimezone=Asia/Shanghai, lastPacketReceivedIdleMillis : 301543
[12:50:13.514] [ERROR] [DruidAbstractDataSource.java testConnectionInternal] discard long time none received connection. , jdbcUrl : jdbc:mysql://localhost:3306/jkblogssm?useSSL=false&serverTimezone=Asia/Shanghai, jdbcUrl : jdbc:mysql://localhost:3306/jkblogssm?useSSL=false&serverTimezone=Asia/Shanghai, lastPacketReceivedIdleMillis : 69224
[12:51:18.046] [ERROR] [DruidAbstractDataSource.java testConnectionInternal] discard long time none received connection. , jdbcUrl : jdbc:mysql://localhost:3306/jkblogssm?useSSL=false&serverTimezone=Asia/Shanghai, jdbcUrl : jdbc:mysql://localhost:3306/jkblogssm?useSSL=false&serverTimezone=Asia/Shanghai, lastPacketReceivedIdleMillis : 64515
[12:54:34.760] [ERROR] [DruidAbstractDataSource.java testConnectionInternal] discard long time none received connection. , jdbcUrl : jdbc:mysql://localhost:3306/jkblogssm?useSSL=false&serverTimezone=Asia/Shanghai, jdbcUrl : jdbc:mysql://localhost:3306/jkblogssm?useSSL=false&serverTimezone=Asia/Shanghai, lastPacketReceivedIdleMillis : 196695
[15:34:18.301] [INFO ] [DruidDataSource.java init] {dataSource-1} inited
[15:39:05.095] [ERROR] [DruidAbstractDataSource.java testConnectionInternal] discard long time none received connection. , jdbcUrl : jdbc:mysql://localhost:3306/jkblogssm?useSSL=false&serverTimezone=Asia/Shanghai, jdbcUrl : jdbc:mysql://localhost:3306/jkblogssm?useSSL=false&serverTimezone=Asia/Shanghai, lastPacketReceivedIdleMillis : 236908
[15:40:35.179] [ERROR] [DruidAbstractDataSource.java testConnectionInternal] discard long time none received connection. , jdbcUrl : jdbc:mysql://localhost:3306/jkblogssm?useSSL=false&serverTimezone=Asia/Shanghai, jdbcUrl : jdbc:mysql://localhost:3306/jkblogssm?useSSL=false&serverTimezone=Asia/Shanghai, lastPacketReceivedIdleMillis : 90063
[15:43:41.220] [INFO ] [DruidDataSource.java init] {dataSource-1} inited
[15:44:52.825] [WARN ] [AbstractHandlerExceptionResolver.java logException] Resolved [org.springframework.web.bind.MissingServletRequestParameterException: Required String parameter 'userName' is not present]
[15:50:02.060] [INFO ] [DruidDataSource.java init] {dataSource-1} inited
[15:52:05.781] [INFO ] [DruidDataSource.java init] {dataSource-1} inited
[15:54:34.442] [ERROR] [DruidAbstractDataSource.java testConnectionInternal] discard long time none received connection. , jdbcUrl : jdbc:mysql://localhost:3306/jkblogssm?useSSL=false&serverTimezone=Asia/Shanghai, jdbcUrl : jdbc:mysql://localhost:3306/jkblogssm?useSSL=false&serverTimezone=Asia/Shanghai, lastPacketReceivedIdleMillis : 144970
